<?xml version="1.0" encoding="UTF-8"?>
<!-- Generated by org.testng.reporters.JUnitReportReporter -->
<testsuite hostname="DESKTOP-U6GUJRI" failures="0" tests="1" name="railway.chapter5_8.BookTicketFromTimeTableTest" time="12.662" errors="0" timestamp="2024-06-19T01:06:54 ICT" skipped="0">
  <testcase classname="railway.chapter5_8.BookTicketFromTimeTableTest" name="BookTicketTest" time="12.662"/>
</testsuite> <!-- railway.chapter5_8.BookTicketFromTimeTableTest -->
