<?xml version="1.0" encoding="UTF-8"?>
<!-- Generated by org.testng.reporters.JUnitReportReporter -->
<testsuite hostname="DESKTOP-U6GUJRI" failures="0" tests="1" name="railway.chapter3.BookTicketTest" time="37.402" errors="0" timestamp="2024-06-19T17:13:44 ICT" skipped="0">
  <testcase classname="railway.chapter3.BookTicketTest" name="BookTicketTest" time="37.402"/>
</testsuite> <!-- railway.chapter3.BookTicketTest -->
