<?xml version="1.0" encoding="UTF-8"?>
<!-- Generated by org.testng.reporters.JUnitReportReporter -->
<testsuite hostname="DESKTOP-U6GUJRI" failures="0" tests="1" name="org.chapter5_8.org.railway.BookTicketFromTimeTableTest" time="22.799" errors="0" timestamp="2024-06-17T03:23:45 ICT" skipped="0">
  <testcase classname="org.chapter5_8.org.railway.BookTicketFromTimeTableTest" name="BookTicketTest" time="22.799"/>
</testsuite> <!-- org.chapter5_8.org.railway.BookTicketFromTimeTableTest -->
