<?xml version="1.0" encoding="UTF-8"?>
<!-- Generated by org.testng.reporters.JUnitReportReporter -->
<testsuite hostname="DESKTOP-U6GUJRI" failures="0" tests="2" name="chapter2.confirmTitle" time="4.159" errors="0" timestamp="2024-06-14T16:51:07 ICT" skipped="0">
  <testcase classname="chapter2.confirmTitle" name="testTitle" time="2.740"/>
  <testcase classname="chapter2.confirmTitle" name="testTitle" time="1.419"/>
</testsuite> <!-- chapter2.confirmTitle -->
