<?xml version="1.0" encoding="UTF-8"?>
<!-- Generated by org.testng.reporters.JUnitReportReporter -->
<testsuite hostname="DESKTOP-U6GUJRI" failures="0" tests="5" name="railway.chapter10.LoginTest" time="57.468" errors="0" timestamp="2024-06-19T14:28:53 ICT" skipped="0">
  <testcase classname="railway.chapter10.LoginTest" name="Testcase3" time="6.305"/>
  <testcase classname="railway.chapter10.LoginTest" name="Testcase1" time="24.458"/>
  <testcase classname="railway.chapter10.LoginTest" name="Testcase4" time="10.619"/>
  <testcase classname="railway.chapter10.LoginTest" name="Testcase5" time="7.409"/>
  <testcase classname="railway.chapter10.LoginTest" name="Testcase2" time="8.677"/>
</testsuite> <!-- railway.chapter10.LoginTest -->
