<?xml version="1.0" encoding="UTF-8"?>
<!-- Generated by org.testng.reporters.JUnitReportReporter -->
<testsuite hostname="DESKTOP-U6GUJRI" failures="0" tests="3" name="railway.chapter10.CreateAccountTest" time="142.432" errors="0" timestamp="2024-06-19T17:34:29 ICT" skipped="0">
  <testcase classname="railway.chapter10.CreateAccountTest" name="Testcase9" time="67.266"/>
  <testcase classname="railway.chapter10.CreateAccountTest" name="Testcase8" time="66.679"/>
  <testcase classname="railway.chapter10.CreateAccountTest" name="Testcase7" time="8.487"/>
</testsuite> <!-- railway.chapter10.CreateAccountTest -->
