<?xml version="1.0" encoding="UTF-8"?>
<!-- Generated by org.testng.reporters.JUnitReportReporter -->
<testsuite hostname="DESKTOP-U6GUJRI" failures="0" tests="5" name="railway.chapter10.LoginTest" time="40.327" errors="0" timestamp="2024-06-19T04:53:43 ICT" skipped="0">
  <testcase classname="railway.chapter10.LoginTest" name="Testcase5" time="6.527"/>
  <testcase classname="railway.chapter10.LoginTest" name="Testcase2" time="7.345"/>
  <testcase classname="railway.chapter10.LoginTest" name="Testcase3" time="6.189"/>
  <testcase classname="railway.chapter10.LoginTest" name="Testcase1" time="8.136"/>
  <testcase classname="railway.chapter10.LoginTest" name="Testcase4" time="12.130"/>
</testsuite> <!-- railway.chapter10.LoginTest -->
