<?xml version="1.0" encoding="UTF-8"?>
<!-- Generated by org.testng.reporters.JUnitReportReporter -->
<testsuite hostname="DESKTOP-U6GUJRI" failures="0" tests="1" name="railway.chapter3.BookTicketTest" time="41.018" errors="0" timestamp="2024-06-17T02:15:05 ICT" skipped="0">
  <testcase classname="railway.chapter3.BookTicketTest" name="BookTicketTest" time="41.018"/>
</testsuite> <!-- railway.chapter3.BookTicketTest -->
