<?xml version="1.0" encoding="UTF-8"?>
<!-- Generated by org.testng.reporters.JUnitReportReporter -->
<testsuite hostname="DESKTOP-U6GUJRI" failures="0" tests="1" name="railway.chapter10.LogOutTest" time="39.426" errors="0" timestamp="2024-06-19T14:28:53 ICT" skipped="0">
  <testcase classname="railway.chapter10.LogOutTest" name="Testcase6" time="39.426"/>
</testsuite> <!-- railway.chapter10.LogOutTest -->
