<?xml version="1.0" encoding="UTF-8"?>
<!-- Generated by org.testng.reporters.JUnitReportReporter -->
<testsuite hostname="DESKTOP-U6GUJRI" failures="0" tests="1" name="railway.chapter10.LogOutTest" time="46.671" errors="0" timestamp="2024-06-19T14:03:44 ICT" skipped="0">
  <testcase classname="railway.chapter10.LogOutTest" name="Testcase6" time="46.671"/>
</testsuite> <!-- railway.chapter10.LogOutTest -->
