<?xml version="1.0" encoding="UTF-8"?>
<!-- Generated by org.testng.reporters.JUnitReportReporter -->
<testsuite hostname="DESKTOP-U6GUJRI" failures="0" tests="1" name="railway.chapter10.CancelTicketTest" time="34.636" errors="0" timestamp="2024-06-20T19:58:50 ICT" skipped="0">
  <testcase classname="railway.chapter10.CancelTicketTest" name="Testcase16" time="34.636"/>
</testsuite> <!-- railway.chapter10.CancelTicketTest -->
